Build started 17/08/2015 4:38:36 PM.
     1>Project "C:\Users\matt.callahan\Desktop\WorkSpace\trunk\AiStuff\Project1\Project1.vcxproj" on node 2 (Build target(s)).
     1>ClCompile:
         C:\Program Files (x86)\Microsoft Visual Studio 12.0\VC\bin\CL.exe /c /IC:\Users\matt.callahan\Desktop\WorkSpace\trunk\AiStuff\AIE_GL\include\ /IC:\Users\matt.callahan\Desktop\WorkSpace\trunk\AiStuff\libraries\glfw3\include\GLFW\ /IC:\Users\matt.callahan\Desktop\WorkSpace\trunk\AiStuff\libraries\glew\include\ /IC:\Users\matt.callahan\Desktop\WorkSpace\trunk\AiStuff\Project1\include\ /IC:\Users\matt.callahan\Desktop\WorkSpace\trunk\AiStuff\libraries\glm\ /IC:\Users\matt.callahan\Desktop\WorkSpace\trunk\AiStuff\libraries\mathlib\ /IC:\Users\matt.callahan\Desktop\WorkSpace\trunk\AiStuff\libraries\mathlib\include\ /Zi /nologo /W3 /WX- /O2 /Oi /Oy- /GL /D WIN32 /D NDEBUG /D _CONSOLE /D _UNICODE /D UNICODE /Gm- /EHsc /MD /GS /Gy /fp:precise /Zc:wchar_t /Zc:forScope /Fo"C:\Users\matt.callahan\Desktop\WorkSpace\trunk\AiStuff\CompilerJunk\Project1Release\\" /Fd"C:\Users\matt.callahan\Desktop\WorkSpace\trunk\AiStuff\CompilerJunk\Project1Release\vc120.pdb" /Gd /TP /analyze- /errorReport:prompt main.cpp source\Game1.cpp
         main.cpp
         Game1.cpp
     1>source\Game1.cpp(17): warning C4244: 'argument' : conversion from 'time_t' to 'unsigned int', possible loss of data
       Link:
         C:\Program Files (x86)\Microsoft Visual Studio 12.0\VC\bin\link.exe /ERRORREPORT:PROMPT /OUT:"C:\Users\matt.callahan\Desktop\WorkSpace\trunk\AiStuff\Compiled\Project1Release\Project1.exe" /INCREMENTAL:NO /NOLOGO /LIBPATH:C:\Users\matt.callahan\Desktop\WorkSpace\trunk\AiStuff\AIE_GL\bin\ /LIBPATH:C:\Users\matt.callahan\Desktop\WorkSpace\trunk\AiStuff\libraries\glew\lib\Release\Win32\ /LIBPATH:"C:\Users\matt.callahan\Desktop\WorkSpace\trunk\AiStuff\libraries\glfw3\lib-vc2013\\" /LIBPATH:C:\Users\matt.callahan\Desktop\WorkSpace\trunk\AiStuff\libraries\mathlib\ OpenGL32.lib MathLib.lib AIE_GL.lib glew32.lib glfw3.lib kernel32.lib user32.lib gdi32.lib winspool.lib comdlg32.lib advapi32.lib shell32.lib ole32.lib oleaut32.lib uuid.lib odbc32.lib odbccp32.lib /MANIFEST /MANIFESTUAC:"level='asInvoker' uiAccess='false'" /manifest:embed /DEBUG /PDB:"C:\Users\matt.callahan\Desktop\WorkSpace\trunk\AiStuff\Compiled\Project1Release\Project1.pdb" /SUBSYSTEM:CONSOLE /OPT:REF /OPT:ICF /LTCG /TLBID:1 /DYNAMICBASE /NXCOMPAT /IMPLIB:"C:\Users\matt.callahan\Desktop\WorkSpace\trunk\AiStuff\Compiled\Project1Release\Project1.lib" /MACHINE:X86 /SAFESEH C:\Users\matt.callahan\Desktop\WorkSpace\trunk\AiStuff\CompilerJunk\Project1Release\main.obj
         C:\Users\matt.callahan\Desktop\WorkSpace\trunk\AiStuff\CompilerJunk\Project1Release\BinaryTree.obj
         C:\Users\matt.callahan\Desktop\WorkSpace\trunk\AiStuff\CompilerJunk\Project1Release\Box.obj
         C:\Users\matt.callahan\Desktop\WorkSpace\trunk\AiStuff\CompilerJunk\Project1Release\Decision.obj
         C:\Users\matt.callahan\Desktop\WorkSpace\trunk\AiStuff\CompilerJunk\Project1Release\Game1.obj
         C:\Users\matt.callahan\Desktop\WorkSpace\trunk\AiStuff\CompilerJunk\Project1Release\GameObj.obj
         C:\Users\matt.callahan\Desktop\WorkSpace\trunk\AiStuff\CompilerJunk\Project1Release\Graph.obj
         C:\Users\matt.callahan\Desktop\WorkSpace\trunk\AiStuff\CompilerJunk\Project1Release\IFeels.obj
         C:\Users\matt.callahan\Desktop\WorkSpace\trunk\AiStuff\CompilerJunk\Project1Release\IGladiboxer.obj
         C:\Users\matt.callahan\Desktop\WorkSpace\trunk\AiStuff\CompilerJunk\Project1Release\Scene.obj
         C:\Users\matt.callahan\Desktop\WorkSpace\trunk\AiStuff\CompilerJunk\Project1Release\Smith.obj
         C:\Users\matt.callahan\Desktop\WorkSpace\trunk\AiStuff\CompilerJunk\Project1Release\TreeNode.obj
         Generating code
         Finished generating code
         Project1.vcxproj -> C:\Users\matt.callahan\Desktop\WorkSpace\trunk\AiStuff\Compiled\Project1Release\Project1.exe
     1>Done Building Project "C:\Users\matt.callahan\Desktop\WorkSpace\trunk\AiStuff\Project1\Project1.vcxproj" (Build target(s)).

Build succeeded.

Time Elapsed 00:00:01.91
